{"B:\\APIs\\src\\application\\use-cases\\auth\\GetCurrentUserUseCase.js": {"path":"B:\\APIs\\src\\application\\use-cases\\auth\\GetCurrentUserUseCase.js","statementMap":{"0":{"start":{"line":1,"column":17},"end":{"line":1,"column":59}},"1":{"start":{"line":5,"column":4},"end":{"line":5,"column":41}},"2":{"start":{"line":9,"column":17},"end":{"line":9,"column":59}},"3":{"start":{"line":10,"column":4},"end":{"line":15,"column":5}},"4":{"start":{"line":11,"column":6},"end":{"line":14,"column":9}},"5":{"start":{"line":16,"column":4},"end":{"line":16,"column":46}},"6":{"start":{"line":20,"column":0},"end":{"line":20,"column":39}}},"fnMap":{"0":{"name":"(anonymous_0)","decl":{"start":{"line":4,"column":2},"end":{"line":4,"column":3}},"loc":{"start":{"line":4,"column":34},"end":{"line":6,"column":3}},"line":4},"1":{"name":"(anonymous_1)","decl":{"start":{"line":8,"column":2},"end":{"line":8,"column":3}},"loc":{"start":{"line":8,"column":28},"end":{"line":17,"column":3}},"line":8}},"branchMap":{"0":{"loc":{"start":{"line":10,"column":4},"end":{"line":15,"column":5}},"type":"if","locations":[{"start":{"line":10,"column":4},"end":{"line":15,"column":5}},{"start":{},"end":{}}],"line":10}},"s":{"0":2,"1":2,"2":2,"3":2,"4":1,"5":1,"6":2},"f":{"0":2,"1":2},"b":{"0":[1,1]},"_coverageSchema":"1a1c01bbd47fc00a2c39e90264f33305004495a9","hash":"45e53dca30bf8c9dc510e596f7049f4a56a65182"}
,"B:\\APIs\\src\\application\\use-cases\\auth\\LoginUseCase.js": {"path":"B:\\APIs\\src\\application\\use-cases\\auth\\LoginUseCase.js","statementMap":{"0":{"start":{"line":1,"column":17},"end":{"line":1,"column":59}},"1":{"start":{"line":11,"column":4},"end":{"line":11,"column":41}},"2":{"start":{"line":12,"column":4},"end":{"line":12,"column":41}},"3":{"start":{"line":13,"column":4},"end":{"line":13,"column":37}},"4":{"start":{"line":14,"column":4},"end":{"line":14,"column":57}},"5":{"start":{"line":15,"column":4},"end":{"line":15,"column":51}},"6":{"start":{"line":19,"column":4},"end":{"line":19,"column":70}},"7":{"start":{"line":21,"column":17},"end":{"line":21,"column":61}},"8":{"start":{"line":22,"column":4},"end":{"line":25,"column":5}},"9":{"start":{"line":23,"column":6},"end":{"line":23,"column":71}},"10":{"start":{"line":24,"column":6},"end":{"line":24,"column":98}},"11":{"start":{"line":27,"column":28},"end":{"line":27,"column":90}},"12":{"start":{"line":28,"column":4},"end":{"line":31,"column":5}},"13":{"start":{"line":29,"column":6},"end":{"line":29,"column":71}},"14":{"start":{"line":30,"column":6},"end":{"line":30,"column":98}},"15":{"start":{"line":33,"column":4},"end":{"line":33,"column":59}},"16":{"start":{"line":35,"column":24},"end":{"line":35,"column":82}},"17":{"start":{"line":36,"column":25},"end":{"line":36,"column":84}},"18":{"start":{"line":38,"column":4},"end":{"line":46,"column":7}},"19":{"start":{"line":48,"column":4},"end":{"line":53,"column":6}},"20":{"start":{"line":57,"column":0},"end":{"line":57,"column":30}}},"fnMap":{"0":{"name":"(anonymous_0)","decl":{"start":{"line":4,"column":2},"end":{"line":4,"column":3}},"loc":{"start":{"line":10,"column":5},"end":{"line":16,"column":3}},"line":10},"1":{"name":"(anonymous_1)","decl":{"start":{"line":18,"column":2},"end":{"line":18,"column":3}},"loc":{"start":{"line":18,"column":59},"end":{"line":54,"column":3}},"line":18}},"branchMap":{"0":{"loc":{"start":{"line":22,"column":4},"end":{"line":25,"column":5}},"type":"if","locations":[{"start":{"line":22,"column":4},"end":{"line":25,"column":5}},{"start":{},"end":{}}],"line":22},"1":{"loc":{"start":{"line":28,"column":4},"end":{"line":31,"column":5}},"type":"if","locations":[{"start":{"line":28,"column":4},"end":{"line":31,"column":5}},{"start":{},"end":{}}],"line":28}},"s":{"0":2,"1":3,"2":3,"3":3,"4":3,"5":3,"6":2,"7":2,"8":2,"9":1,"10":1,"11":1,"12":1,"13":1,"14":1,"15":0,"16":0,"17":0,"18":0,"19":0,"20":2},"f":{"0":3,"1":2},"b":{"0":[1,1],"1":[1,0]},"_coverageSchema":"1a1c01bbd47fc00a2c39e90264f33305004495a9","hash":"bf8ea6c5952ac5c9701de0120c3e41593cc726d9"}
,"B:\\APIs\\src\\application\\use-cases\\auth\\LogoutUseCase.js": {"path":"B:\\APIs\\src\\application\\use-cases\\auth\\LogoutUseCase.js","statementMap":{"0":{"start":{"line":3,"column":4},"end":{"line":3,"column":37}},"1":{"start":{"line":4,"column":4},"end":{"line":4,"column":57}},"2":{"start":{"line":8,"column":4},"end":{"line":10,"column":5}},"3":{"start":{"line":9,"column":6},"end":{"line":9,"column":26}},"4":{"start":{"line":12,"column":20},"end":{"line":12,"column":63}},"5":{"start":{"line":13,"column":4},"end":{"line":15,"column":5}},"6":{"start":{"line":14,"column":6},"end":{"line":14,"column":82}},"7":{"start":{"line":17,"column":4},"end":{"line":17,"column":24}},"8":{"start":{"line":21,"column":0},"end":{"line":21,"column":31}}},"fnMap":{"0":{"name":"(anonymous_0)","decl":{"start":{"line":2,"column":2},"end":{"line":2,"column":3}},"loc":{"start":{"line":2,"column":56},"end":{"line":5,"column":3}},"line":2},"1":{"name":"(anonymous_1)","decl":{"start":{"line":7,"column":2},"end":{"line":7,"column":3}},"loc":{"start":{"line":7,"column":34},"end":{"line":18,"column":3}},"line":7}},"branchMap":{"0":{"loc":{"start":{"line":8,"column":4},"end":{"line":10,"column":5}},"type":"if","locations":[{"start":{"line":8,"column":4},"end":{"line":10,"column":5}},{"start":{},"end":{}}],"line":8},"1":{"loc":{"start":{"line":13,"column":4},"end":{"line":15,"column":5}},"type":"if","locations":[{"start":{"line":13,"column":4},"end":{"line":15,"column":5}},{"start":{},"end":{}}],"line":13}},"s":{"0":2,"1":2,"2":3,"3":2,"4":1,"5":1,"6":1,"7":1,"8":2},"f":{"0":2,"1":3},"b":{"0":[2,1],"1":[1,0]},"_coverageSchema":"1a1c01bbd47fc00a2c39e90264f33305004495a9","hash":"42824d6c1b800e05572ad43a11e680690f0c128b"}
,"B:\\APIs\\src\\application\\use-cases\\auth\\RefreshSessionUseCase.js": {"path":"B:\\APIs\\src\\application\\use-cases\\auth\\RefreshSessionUseCase.js","statementMap":{"0":{"start":{"line":1,"column":17},"end":{"line":1,"column":59}},"1":{"start":{"line":5,"column":4},"end":{"line":5,"column":37}},"2":{"start":{"line":6,"column":4},"end":{"line":6,"column":57}},"3":{"start":{"line":7,"column":4},"end":{"line":7,"column":41}},"4":{"start":{"line":11,"column":20},"end":{"line":11,"column":70}},"5":{"start":{"line":12,"column":24},"end":{"line":12,"column":80}},"6":{"start":{"line":14,"column":4},"end":{"line":20,"column":5}},"7":{"start":{"line":15,"column":6},"end":{"line":15,"column":102}},"8":{"start":{"line":16,"column":6},"end":{"line":19,"column":9}},"9":{"start":{"line":22,"column":4},"end":{"line":28,"column":5}},"10":{"start":{"line":23,"column":6},"end":{"line":23,"column":113}},"11":{"start":{"line":24,"column":6},"end":{"line":27,"column":9}},"12":{"start":{"line":30,"column":25},"end":{"line":30,"column":66}},"13":{"start":{"line":31,"column":4},"end":{"line":37,"column":5}},"14":{"start":{"line":32,"column":6},"end":{"line":32,"column":112}},"15":{"start":{"line":33,"column":6},"end":{"line":36,"column":9}},"16":{"start":{"line":39,"column":4},"end":{"line":45,"column":5}},"17":{"start":{"line":40,"column":6},"end":{"line":40,"column":80}},"18":{"start":{"line":41,"column":6},"end":{"line":44,"column":9}},"19":{"start":{"line":47,"column":17},"end":{"line":47,"column":71}},"20":{"start":{"line":48,"column":4},"end":{"line":50,"column":5}},"21":{"start":{"line":49,"column":6},"end":{"line":49,"column":88}},"22":{"start":{"line":52,"column":28},"end":{"line":55,"column":6}},"23":{"start":{"line":57,"column":4},"end":{"line":69,"column":7}},"24":{"start":{"line":71,"column":24},"end":{"line":71,"column":82}},"25":{"start":{"line":73,"column":4},"end":{"line":78,"column":6}},"26":{"start":{"line":82,"column":0},"end":{"line":82,"column":39}}},"fnMap":{"0":{"name":"(anonymous_0)","decl":{"start":{"line":4,"column":2},"end":{"line":4,"column":3}},"loc":{"start":{"line":4,"column":72},"end":{"line":8,"column":3}},"line":4},"1":{"name":"(anonymous_1)","decl":{"start":{"line":10,"column":2},"end":{"line":10,"column":3}},"loc":{"start":{"line":10,"column":56},"end":{"line":79,"column":3}},"line":10}},"branchMap":{"0":{"loc":{"start":{"line":14,"column":4},"end":{"line":20,"column":5}},"type":"if","locations":[{"start":{"line":14,"column":4},"end":{"line":20,"column":5}},{"start":{},"end":{}}],"line":14},"1":{"loc":{"start":{"line":22,"column":4},"end":{"line":28,"column":5}},"type":"if","locations":[{"start":{"line":22,"column":4},"end":{"line":28,"column":5}},{"start":{},"end":{}}],"line":22},"2":{"loc":{"start":{"line":31,"column":4},"end":{"line":37,"column":5}},"type":"if","locations":[{"start":{"line":31,"column":4},"end":{"line":37,"column":5}},{"start":{},"end":{}}],"line":31},"3":{"loc":{"start":{"line":39,"column":4},"end":{"line":45,"column":5}},"type":"if","locations":[{"start":{"line":39,"column":4},"end":{"line":45,"column":5}},{"start":{},"end":{}}],"line":39},"4":{"loc":{"start":{"line":48,"column":4},"end":{"line":50,"column":5}},"type":"if","locations":[{"start":{"line":48,"column":4},"end":{"line":50,"column":5}},{"start":{},"end":{}}],"line":48}},"s":{"0":3,"1":5,"2":5,"3":5,"4":6,"5":6,"6":6,"7":0,"8":0,"9":6,"10":1,"11":1,"12":5,"13":5,"14":1,"15":1,"16":4,"17":1,"18":1,"19":3,"20":3,"21":1,"22":2,"23":2,"24":2,"25":2,"26":3},"f":{"0":5,"1":6},"b":{"0":[0,6],"1":[1,5],"2":[1,4],"3":[1,3],"4":[1,2]},"_coverageSchema":"1a1c01bbd47fc00a2c39e90264f33305004495a9","hash":"59e8fa867eab7a5d03e2416d979412ed15e46d87"}
,"B:\\APIs\\src\\application\\use-cases\\auth\\RegisterUserUseCase.js": {"path":"B:\\APIs\\src\\application\\use-cases\\auth\\RegisterUserUseCase.js","statementMap":{"0":{"start":{"line":1,"column":17},"end":{"line":1,"column":59}},"1":{"start":{"line":5,"column":4},"end":{"line":5,"column":41}},"2":{"start":{"line":6,"column":4},"end":{"line":6,"column":41}},"3":{"start":{"line":7,"column":4},"end":{"line":7,"column":37}},"4":{"start":{"line":8,"column":4},"end":{"line":8,"column":57}},"5":{"start":{"line":12,"column":25},"end":{"line":12,"column":69}},"6":{"start":{"line":13,"column":4},"end":{"line":18,"column":5}},"7":{"start":{"line":14,"column":6},"end":{"line":17,"column":9}},"8":{"start":{"line":20,"column":25},"end":{"line":20,"column":65}},"9":{"start":{"line":21,"column":17},"end":{"line":25,"column":6}},"10":{"start":{"line":27,"column":24},"end":{"line":27,"column":82}},"11":{"start":{"line":28,"column":25},"end":{"line":28,"column":84}},"12":{"start":{"line":30,"column":4},"end":{"line":38,"column":7}},"13":{"start":{"line":40,"column":4},"end":{"line":45,"column":6}},"14":{"start":{"line":49,"column":0},"end":{"line":49,"column":37}}},"fnMap":{"0":{"name":"(anonymous_0)","decl":{"start":{"line":4,"column":2},"end":{"line":4,"column":3}},"loc":{"start":{"line":4,"column":88},"end":{"line":9,"column":3}},"line":4},"1":{"name":"(anonymous_1)","decl":{"start":{"line":11,"column":2},"end":{"line":11,"column":3}},"loc":{"start":{"line":11,"column":65},"end":{"line":46,"column":3}},"line":11}},"branchMap":{"0":{"loc":{"start":{"line":13,"column":4},"end":{"line":18,"column":5}},"type":"if","locations":[{"start":{"line":13,"column":4},"end":{"line":18,"column":5}},{"start":{},"end":{}}],"line":13}},"s":{"0":2,"1":2,"2":2,"3":2,"4":2,"5":2,"6":2,"7":1,"8":1,"9":1,"10":1,"11":1,"12":1,"13":1,"14":2},"f":{"0":2,"1":2},"b":{"0":[1,1]},"_coverageSchema":"1a1c01bbd47fc00a2c39e90264f33305004495a9","hash":"9ce1e464f186e6ae2c6e24872b79cbab73db1e4f"}
,"B:\\APIs\\src\\interfaces\\http\\controllers\\AuthController.js": {"path":"B:\\APIs\\src\\interfaces\\http\\controllers\\AuthController.js","statementMap":{"0":{"start":{"line":1,"column":12},"end":{"line":1,"column":49}},"1":{"start":{"line":2,"column":28},"end":{"line":2,"column":68}},"2":{"start":{"line":6,"column":4},"end":{"line":6,"column":51}},"3":{"start":{"line":7,"column":4},"end":{"line":7,"column":37}},"4":{"start":{"line":8,"column":4},"end":{"line":8,"column":55}},"5":{"start":{"line":9,"column":4},"end":{"line":9,"column":39}},"6":{"start":{"line":10,"column":4},"end":{"line":10,"column":55}},"7":{"start":{"line":14,"column":4},"end":{"line":21,"column":7}},"8":{"start":{"line":25,"column":4},"end":{"line":31,"column":7}},"9":{"start":{"line":34,"column":13},"end":{"line":56,"column":3}},"10":{"start":{"line":35,"column":4},"end":{"line":55,"column":5}},"11":{"start":{"line":36,"column":21},"end":{"line":40,"column":8}},"12":{"start":{"line":42,"column":6},"end":{"line":42,"column":54}},"13":{"start":{"line":43,"column":6},"end":{"line":52,"column":8}},"14":{"start":{"line":54,"column":6},"end":{"line":54,"column":23}},"15":{"start":{"line":58,"column":10},"end":{"line":80,"column":3}},"16":{"start":{"line":59,"column":4},"end":{"line":79,"column":5}},"17":{"start":{"line":60,"column":21},"end":{"line":64,"column":8}},"18":{"start":{"line":66,"column":6},"end":{"line":66,"column":54}},"19":{"start":{"line":67,"column":6},"end":{"line":76,"column":8}},"20":{"start":{"line":78,"column":6},"end":{"line":78,"column":23}},"21":{"start":{"line":82,"column":12},"end":{"line":105,"column":3}},"22":{"start":{"line":83,"column":4},"end":{"line":104,"column":5}},"23":{"start":{"line":84,"column":27},"end":{"line":84,"column":65}},"24":{"start":{"line":85,"column":21},"end":{"line":89,"column":8}},"25":{"start":{"line":91,"column":6},"end":{"line":91,"column":54}},"26":{"start":{"line":92,"column":6},"end":{"line":101,"column":8}},"27":{"start":{"line":103,"column":6},"end":{"line":103,"column":23}},"28":{"start":{"line":107,"column":11},"end":{"line":116,"column":3}},"29":{"start":{"line":108,"column":4},"end":{"line":115,"column":5}},"30":{"start":{"line":109,"column":27},"end":{"line":109,"column":65}},"31":{"start":{"line":110,"column":6},"end":{"line":110,"column":57}},"32":{"start":{"line":111,"column":6},"end":{"line":111,"column":35}},"33":{"start":{"line":112,"column":6},"end":{"line":112,"column":36}},"34":{"start":{"line":114,"column":6},"end":{"line":114,"column":23}},"35":{"start":{"line":118,"column":7},"end":{"line":130,"column":3}},"36":{"start":{"line":119,"column":4},"end":{"line":129,"column":5}},"37":{"start":{"line":120,"column":19},"end":{"line":120,"column":88}},"38":{"start":{"line":121,"column":6},"end":{"line":126,"column":8}},"39":{"start":{"line":128,"column":6},"end":{"line":128,"column":23}},"40":{"start":{"line":133,"column":0},"end":{"line":133,"column":32}}},"fnMap":{"0":{"name":"(anonymous_0)","decl":{"start":{"line":5,"column":2},"end":{"line":5,"column":3}},"loc":{"start":{"line":5,"column":114},"end":{"line":11,"column":3}},"line":5},"1":{"name":"(anonymous_1)","decl":{"start":{"line":13,"column":2},"end":{"line":13,"column":3}},"loc":{"start":{"line":13,"column":38},"end":{"line":22,"column":3}},"line":13},"2":{"name":"(anonymous_2)","decl":{"start":{"line":24,"column":2},"end":{"line":24,"column":3}},"loc":{"start":{"line":24,"column":26},"end":{"line":32,"column":3}},"line":24},"3":{"name":"(anonymous_3)","decl":{"start":{"line":34,"column":13},"end":{"line":34,"column":14}},"loc":{"start":{"line":34,"column":39},"end":{"line":56,"column":3}},"line":34},"4":{"name":"(anonymous_4)","decl":{"start":{"line":58,"column":10},"end":{"line":58,"column":11}},"loc":{"start":{"line":58,"column":36},"end":{"line":80,"column":3}},"line":58},"5":{"name":"(anonymous_5)","decl":{"start":{"line":82,"column":12},"end":{"line":82,"column":13}},"loc":{"start":{"line":82,"column":38},"end":{"line":105,"column":3}},"line":82},"6":{"name":"(anonymous_6)","decl":{"start":{"line":107,"column":11},"end":{"line":107,"column":12}},"loc":{"start":{"line":107,"column":37},"end":{"line":116,"column":3}},"line":107},"7":{"name":"(anonymous_7)","decl":{"start":{"line":118,"column":7},"end":{"line":118,"column":8}},"loc":{"start":{"line":118,"column":33},"end":{"line":130,"column":3}},"line":118}},"branchMap":{"0":{"loc":{"start":{"line":18,"column":14},"end":{"line":18,"column":44}},"type":"binary-expr","locations":[{"start":{"line":18,"column":14},"end":{"line":18,"column":31}},{"start":{"line":18,"column":35},"end":{"line":18,"column":44}}],"line":18},"1":{"loc":{"start":{"line":29,"column":14},"end":{"line":29,"column":44}},"type":"binary-expr","locations":[{"start":{"line":29,"column":14},"end":{"line":29,"column":31}},{"start":{"line":29,"column":35},"end":{"line":29,"column":44}}],"line":29},"2":{"loc":{"start":{"line":39,"column":19},"end":{"line":39,"column":57}},"type":"binary-expr","locations":[{"start":{"line":39,"column":19},"end":{"line":39,"column":44}},{"start":{"line":39,"column":48},"end":{"line":39,"column":57}}],"line":39},"3":{"loc":{"start":{"line":63,"column":19},"end":{"line":63,"column":57}},"type":"binary-expr","locations":[{"start":{"line":63,"column":19},"end":{"line":63,"column":44}},{"start":{"line":63,"column":48},"end":{"line":63,"column":57}}],"line":63},"4":{"loc":{"start":{"line":88,"column":19},"end":{"line":88,"column":57}},"type":"binary-expr","locations":[{"start":{"line":88,"column":19},"end":{"line":88,"column":44}},{"start":{"line":88,"column":48},"end":{"line":88,"column":57}}],"line":88}},"s":{"0":1,"1":1,"2":1,"3":1,"4":1,"5":1,"6":1,"7":2,"8":1,"9":1,"10":1,"11":1,"12":1,"13":1,"14":0,"15":1,"16":0,"17":0,"18":0,"19":0,"20":0,"21":1,"22":1,"23":1,"24":1,"25":1,"26":1,"27":0,"28":1,"29":1,"30":1,"31":1,"32":1,"33":1,"34":0,"35":1,"36":1,"37":1,"38":1,"39":0,"40":1},"f":{"0":1,"1":2,"2":1,"3":1,"4":0,"5":1,"6":1,"7":1},"b":{"0":[2,2],"1":[1,1],"2":[1,1],"3":[0,0],"4":[1,1]},"_coverageSchema":"1a1c01bbd47fc00a2c39e90264f33305004495a9","hash":"41955baff718fecadfeaf2bb911be2f1ade3466e"}
}
