TN:
SF:src\application\use-cases\auth\GetCurrentUserUseCase.js
FN:4,(anonymous_0)
FN:8,(anonymous_1)
FNF:2
FNH:2
FNDA:2,(anonymous_0)
FNDA:2,(anonymous_1)
DA:1,2
DA:5,2
DA:9,2
DA:10,2
DA:11,1
DA:16,1
DA:20,2
LF:7
LH:7
BRDA:10,0,0,1
BRDA:10,0,1,1
BRF:2
BRH:2
end_of_record
TN:
SF:src\application\use-cases\auth\LoginUseCase.js
FN:4,(anonymous_0)
FN:18,(anonymous_1)
FNF:2
FNH:2
FNDA:3,(anonymous_0)
FNDA:2,(anonymous_1)
DA:1,2
DA:11,3
DA:12,3
DA:13,3
DA:14,3
DA:15,3
DA:19,2
DA:21,2
DA:22,2
DA:23,1
DA:24,1
DA:27,1
DA:28,1
DA:29,1
DA:30,1
DA:33,0
DA:35,0
DA:36,0
DA:38,0
DA:48,0
DA:57,2
LF:21
LH:16
BRDA:22,0,0,1
BRDA:22,0,1,1
BRDA:28,1,0,1
BRDA:28,1,1,0
BRF:4
BRH:3
end_of_record
TN:
SF:src\application\use-cases\auth\LogoutUseCase.js
FN:2,(anonymous_0)
FN:7,(anonymous_1)
FNF:2
FNH:2
FNDA:2,(anonymous_0)
FNDA:3,(anonymous_1)
DA:3,2
DA:4,2
DA:8,3
DA:9,2
DA:12,1
DA:13,1
DA:14,1
DA:17,1
DA:21,2
LF:9
LH:9
BRDA:8,0,0,2
BRDA:8,0,1,1
BRDA:13,1,0,1
BRDA:13,1,1,0
BRF:4
BRH:3
end_of_record
TN:
SF:src\application\use-cases\auth\RefreshSessionUseCase.js
FN:4,(anonymous_0)
FN:10,(anonymous_1)
FNF:2
FNH:2
FNDA:5,(anonymous_0)
FNDA:6,(anonymous_1)
DA:1,3
DA:5,5
DA:6,5
DA:7,5
DA:11,6
DA:12,6
DA:14,6
DA:15,0
DA:16,0
DA:22,6
DA:23,1
DA:24,1
DA:30,5
DA:31,5
DA:32,1
DA:33,1
DA:39,4
DA:40,1
DA:41,1
DA:47,3
DA:48,3
DA:49,1
DA:52,2
DA:57,2
DA:71,2
DA:73,2
DA:82,3
LF:27
LH:25
BRDA:14,0,0,0
BRDA:14,0,1,6
BRDA:22,1,0,1
BRDA:22,1,1,5
BRDA:31,2,0,1
BRDA:31,2,1,4
BRDA:39,3,0,1
BRDA:39,3,1,3
BRDA:48,4,0,1
BRDA:48,4,1,2
BRF:10
BRH:9
end_of_record
TN:
SF:src\application\use-cases\auth\RegisterUserUseCase.js
FN:4,(anonymous_0)
FN:11,(anonymous_1)
FNF:2
FNH:2
FNDA:2,(anonymous_0)
FNDA:2,(anonymous_1)
DA:1,2
DA:5,2
DA:6,2
DA:7,2
DA:8,2
DA:12,2
DA:13,2
DA:14,1
DA:20,1
DA:21,1
DA:27,1
DA:28,1
DA:30,1
DA:40,1
DA:49,2
LF:15
LH:15
BRDA:13,0,0,1
BRDA:13,0,1,1
BRF:2
BRH:2
end_of_record
TN:
SF:src\interfaces\http\controllers\AuthController.js
FN:5,(anonymous_0)
FN:13,(anonymous_1)
FN:24,(anonymous_2)
FN:34,(anonymous_3)
FN:58,(anonymous_4)
FN:82,(anonymous_5)
FN:107,(anonymous_6)
FN:118,(anonymous_7)
FNF:8
FNH:7
FNDA:1,(anonymous_0)
FNDA:2,(anonymous_1)
FNDA:1,(anonymous_2)
FNDA:1,(anonymous_3)
FNDA:0,(anonymous_4)
FNDA:1,(anonymous_5)
FNDA:1,(anonymous_6)
FNDA:1,(anonymous_7)
DA:1,1
DA:2,1
DA:6,1
DA:7,1
DA:8,1
DA:9,1
DA:10,1
DA:14,2
DA:25,1
DA:34,1
DA:35,1
DA:36,1
DA:42,1
DA:43,1
DA:54,0
DA:58,1
DA:59,0
DA:60,0
DA:66,0
DA:67,0
DA:78,0
DA:82,1
DA:83,1
DA:84,1
DA:85,1
DA:91,1
DA:92,1
DA:103,0
DA:107,1
DA:108,1
DA:109,1
DA:110,1
DA:111,1
DA:112,1
DA:114,0
DA:118,1
DA:119,1
DA:120,1
DA:121,1
DA:128,0
DA:133,1
LF:41
LH:32
BRDA:18,0,0,2
BRDA:18,0,1,2
BRDA:29,1,0,1
BRDA:29,1,1,1
BRDA:39,2,0,1
BRDA:39,2,1,1
BRDA:63,3,0,0
BRDA:63,3,1,0
BRDA:88,4,0,1
BRDA:88,4,1,1
BRF:10
BRH:8
end_of_record
